5.4645e-05s: Main gameloop created.
0.000453922s: Running mainloop.
0.000475121s: Running init
1.83835s: init done
17.7649s: truct null not valid
17.765s: ot valid
21.7778s: sic_string::_S_construct null not valid
21.7778s: _S_construct null not valid
24.2549s: truct null not valid
24.255s: ot valid
27.6933s: truct null not valid
27.6934s: ot valid
33.7762s: sic_string::_S_construct null not valid
33.7763s: _S_construct null not valid
35.6668s: 
35.6669s: g::_S_construct null not valid
36.5838s: truct null not valid
36.5839s: ot valid
39.4698s: truct null not valid
39.4698s: ot valid
40.8535s: construct null not valid
40.8536s: ll not valid
42.0286s: sic_string::_S_construct null not valid
42.0287s: _S_construct null not valid
43.4946s: 
43.4946s: g::_S_construct null not valid
44.1645s: truct null not valid
44.1646s: ot valid
44.8695s: sic_string::_S_construct null not valid
44.8695s: _S_construct null not valid
45.7989s: truct null not valid
45.799s: ot valid
49.8781s: truct null not valid
49.8784s: ot valid
51.0974s: 
51.0975s: g::_S_construct null not valid
51.4588s: truct null not valid
51.4589s: ot valid
52.0708s: truct null not valid
52.0708s: ot valid
52.8959s: 
52.896s: g::_S_construct null not valid
53.1634s: truct null not valid
53.1634s: ot valid
53.8072s: truct null not valid
53.8073s: ot valid
54.1347s: truct null not valid
54.1348s: ot valid
54.4967s: sic_string::_S_construct null not valid
54.4968s: _S_construct null not valid
54.7835s: truct null not valid
54.7835s: ot valid
55.2271s: truct null not valid
55.2271s: ot valid
55.6382s: truct null not valid
55.6383s: ot valid
56.0204s: truct null not valid
56.0204s: ot valid
56.4399s: truct null not valid
56.44s: ot valid
56.9154s: truct null not valid
56.9154s: ot valid
57.5455s: sic_string::_S_construct null not valid
57.5455s: _S_construct null not valid
58.0056s: truct null not valid
58.0056s: ot valid
58.5691s: truct null not valid
58.5692s: ot valid
59.0036s: sic_string::_S_construct null not valid
59.0037s: _S_construct null not valid
59.3004s: truct null not valid
59.3005s: ot valid
59.7468s: truct null not valid
59.7468s: ot valid
60.2144s: truct null not valid
60.2145s: ot valid
60.7088s: 
60.7089s: g::_S_construct null not valid
61.2584s: sic_string::_S_construct null not valid
61.2584s: _S_construct null not valid
61.5355s: truct null not valid
61.5355s: ot valid
61.9652s: 
61.9653s: g::_S_construct null not valid
62.3162s: truct null not valid
62.3163s: ot valid
62.6698s: truct null not valid
62.6699s: ot valid
63.3322s: sic_string::_S_construct null not valid
63.3323s: _S_construct null not valid
63.6119s: truct null not valid
63.612s: ot valid
64.0021s: truct null not valid
64.0021s: ot valid
65.9214s: 
65.9215s: g::_S_construct null not valid
66.4767s: truct null not valid
66.4767s: ot valid
66.9936s: truct null not valid
66.9936s: ot valid
67.4005s: sic_string::_S_construct null not valid
67.4006s: _S_construct null not valid
67.6683s: truct null not valid
67.6683s: ot valid
68.0009s: truct null not valid
68.001s: ot valid
68.3353s: truct null not valid
68.3353s: ot valid
68.9641s: truct null not valid
68.9642s: ot valid
69.348s: sic_string::_S_construct null not valid
69.3481s: _S_construct null not valid
69.6468s: truct null not valid
69.6469s: ot valid
69.9178s: truct null not valid
69.9179s: ot valid
70.3509s: truct null not valid
70.3509s: ot valid
70.6321s: 
70.6322s: g::_S_construct null not valid
70.9138s: truct null not valid
70.9138s: ot valid
71.1938s: truct null not valid
71.1938s: ot valid
71.4714s: truct null not valid
71.4714s: ot valid
71.8037s: truct null not valid
71.8038s: ot valid
72.0752s: truct null not valid
72.0752s: ot valid
72.3882s: truct null not valid
72.3882s: ot valid
72.6643s: sic_string::_S_construct null not valid
72.6643s: _S_construct null not valid
72.9315s: truct null not valid
72.9315s: ot valid
73.208s: truct null not valid
73.208s: ot valid
73.4809s: truct null not valid
73.4809s: ot valid
73.7572s: truct null not valid
73.7572s: ot valid
74.0322s: truct null not valid
74.0323s: ot valid
75.6733s: sic_string::_S_construct null not valid
75.6733s: _S_construct null not valid
76.1116s: truct null not valid
76.1116s: ot valid
76.3931s: truct null not valid
76.3932s: ot valid
76.6698s: truct null not valid
76.6698s: ot valid
76.9511s: truct null not valid
76.9512s: ot valid
77.235s: truct null not valid
77.2351s: ot valid
77.5102s: sic_string::_S_construct null not valid
77.5102s: _S_construct null not valid
77.7938s: truct null not valid
77.7938s: ot valid
78.0742s: truct null not valid
78.0742s: ot valid
78.3542s: truct null not valid
78.3542s: ot valid
78.6341s: truct null not valid
78.6341s: ot valid
78.9116s: truct null not valid
78.9117s: ot valid
79.1843s: 
79.1843s: g::_S_construct null not valid
79.4594s: truct null not valid
79.4594s: ot valid
80.3927s: 
80.3928s: g::_S_construct null not valid
80.6645s: 
80.6645s: g::_S_construct null not valid
81.1531s: sic_string::_S_construct null not valid
81.1532s: _S_construct null not valid
81.7761s: truct null not valid
81.7762s: ot valid
82.2235s: truct null not valid
82.2235s: ot valid
82.8498s: sic_string::_S_construct null not valid
82.8499s: _S_construct null not valid
83.1172s: truct null not valid
83.1172s: ot valid
83.3962s: truct null not valid
83.3962s: ot valid
83.7332s: 
83.7333s: g::_S_construct null not valid
84.0016s: truct null not valid
84.0016s: ot valid
84.2817s: truct null not valid
84.2817s: ot valid
84.6904s: truct null not valid
84.6904s: ot valid
85.2341s: sic_string::_S_construct null not valid
85.2341s: _S_construct null not valid
85.4985s: truct null not valid
85.4985s: ot valid
85.7754s: truct null not valid
85.7755s: ot valid
86.0479s: truct null not valid
86.0479s: ot valid
86.3208s: truct null not valid
86.3208s: ot valid
86.5943s: truct null not valid
86.5943s: ot valid
86.8722s: truct null not valid
86.8722s: ot valid
87.1477s: truct null not valid
87.1477s: ot valid
87.4231s: truct null not valid
87.4231s: ot valid
87.6986s: truct null not valid
87.6987s: ot valid
87.9738s: truct null not valid
87.9738s: ot valid
88.2456s: truct null not valid
88.2457s: ot valid
88.5197s: truct null not valid
88.5197s: ot valid
88.7908s: truct null not valid
88.7908s: ot valid
89.0636s: truct null not valid
89.0636s: ot valid
89.3388s: truct null not valid
89.3389s: ot valid
89.6111s: truct null not valid
89.6111s: ot valid
89.8806s: truct null not valid
89.8806s: ot valid
90.1477s: truct null not valid
90.1477s: ot valid
90.4208s: truct null not valid
90.4208s: ot valid
90.698s: truct null not valid
90.6981s: ot valid
90.9786s: truct null not valid
90.9786s: ot valid
91.2496s: truct null not valid
91.2496s: ot valid
91.521s: truct null not valid
91.5211s: ot valid
91.7928s: truct null not valid
91.7928s: ot valid
92.068s: truct null not valid
92.068s: ot valid
92.3411s: truct null not valid
92.3412s: ot valid
92.6112s: truct null not valid
92.6112s: ot valid
92.8843s: sic_string::_S_construct null not valid
92.8843s: _S_construct null not valid
93.1586s: truct null not valid
93.1586s: ot valid
93.4385s: truct null not valid
93.4385s: ot valid
93.7175s: truct null not valid
93.7175s: ot valid
93.9969s: truct null not valid
93.9969s: ot valid
94.2637s: truct null not valid
94.2637s: ot valid
94.5352s: sic_string::_S_construct null not valid
94.5352s: _S_construct null not valid
94.8099s: truct null not valid
94.8099s: ot valid
95.087s: truct null not valid
95.087s: ot valid
95.365s: truct null not valid
95.365s: ot valid
95.6358s: truct null not valid
95.6358s: ot valid
95.9098s: sic_string::_S_construct null not valid
95.9098s: _S_construct null not valid
96.1854s: truct null not valid
96.1854s: ot valid
96.4576s: truct null not valid
96.4577s: ot valid
96.7346s: truct null not valid
96.7346s: ot valid
97.0035s: truct null not valid
97.0035s: ot valid
97.2789s: 
97.2789s: g::_S_construct null not valid
97.5518s: truct null not valid
97.5518s: ot valid
97.8237s: truct null not valid
97.8237s: ot valid
111.264s: Mainloop done.
111.264s: Main gameloop killed.
