1.4566e-05s: Ui created.
0.00105256s: Attemping to print ---------------------------------------- at px:1 py:0.
0.00108917s: 0
0.00111074s: Attemping to print ---------------------------------------- at px:1 py:1.
0.00115172s: 0
0.00117091s: Attemping to print ---------------------------------------- at px:1 py:2.
0.0012061s: 0
0.0012232s: Attemping to print ---------------------------------------- at px:1 py:3.
0.00125741s: 0
0.00127539s: Attemping to print ---------------------------------------- at px:1 py:4.
0.00130934s: 0
0.00132624s: Attemping to print ---------------------------------------- at px:1 py:5.
0.00136082s: 0
0.00137774s: Attemping to print ---------------------------------------- at px:1 py:6.
0.00153548s: 0
0.00157385s: Attemping to print ---------------------------------------- at px:1 py:7.
0.00161223s: 0
0.001639s: Attemping to print ---------------------------------------- at px:1 py:8.
0.00167334s: 0
0.00169038s: Attemping to print ---------------------------------------- at px:1 py:9.
0.00172407s: 0
0.00174222s: Attemping to print --------------------@######------------- at px:1 py:10.
0.00177529s: 0
0.00179376s: Attemping to print --------------------#######------------- at px:1 py:11.
0.00182618s: 0
0.00184434s: Attemping to print --------------------#.#####------------- at px:1 py:12.
0.00187583s: 0
0.0018951s: Attemping to print --------------------#.#####------------- at px:1 py:13.
0.00192448s: 0
0.00194221s: Attemping to print --------------------#.#####------------- at px:1 py:14.
0.0019716s: 0
0.00200374s: Attemping to print --------------------#.#####------------- at px:1 py:15.
0.00204281s: 0
0.00206298s: Attemping to print --------------------#.#####------------- at px:1 py:16.
0.0020964s: 0
0.00211615s: Attemping to print --------------------#.....#------------- at px:1 py:17.
0.00213587s: 0
0.00215446s: Attemping to print --------------------#.#####------------- at px:1 py:18.
0.00217162s: 0
0.00218984s: Attemping to print --------------------#######------------- at px:1 py:19.
0.00220815s: -1
0.00235804s: Attemping to print This is inventory at px:0 py:0.
0.00242355s: 0
0.00244197s: Attemping to print This is also inventory at px:0 py:0.
0.00246032s: 0
0.0024719s: Attemping to print I can print wherever I want at px:0 py:4.
0.00249163s: 0
